Log file open, 03/12/17 13:52:27
LogInit:Display: Running engine for game: PurgaStory
LogPlatformFile: Not using cached read wrapper
LogInit:Display: RandInit(-1184061637) SRandInit(-1184061637).
LogTaskGraph: Started task graph with 5 named threads and 8 total threads with 1 sets of task threads.
LogStats: Stats thread started at 0.086932
LogPluginManager: Loaded Plugin Paper2D, From C:/Program Files/Epic Games/UE_4.14/Engine/Plugins/2D/Paper2D/Paper2D.uplugin
LogPluginManager: Loaded Plugin LightPropagationVolume, From C:/Program Files/Epic Games/UE_4.14/Engine/Plugins/Blendables/LightPropagationVolume/LightPropagationVolume.uplugin
LogPluginManager: Loaded Plugin BlankPlugin, From C:/Program Files/Epic Games/UE_4.14/Engine/Plugins/Developer/BlankPlugin/BlankPlugin.uplugin
LogPluginManager: Loaded Plugin CodeLiteSourceCodeAccess, From C:/Program Files/Epic Games/UE_4.14/Engine/Plugins/Developer/CodeLiteSourceCodeAccess/CodeLiteSourceCodeAccess.uplugin
LogPluginManager: Loaded Plugin GitSourceControl, From C:/Program Files/Epic Games/UE_4.14/Engine/Plugins/Developer/GitSourceControl/GitSourceControl.uplugin
LogPluginManager: Loaded Plugin KDevelopSourceCodeAccess, From C:/Program Files/Epic Games/UE_4.14/Engine/Plugins/Developer/KDevelopSourceCodeAccess/KDevelopSourceCodeAccess.uplugin
LogPluginManager: Loaded Plugin NullSourceCodeAccess, From C:/Program Files/Epic Games/UE_4.14/Engine/Plugins/Developer/NullSourceCodeAccess/NullSourceCodeAccess.uplugin
LogPluginManager: Loaded Plugin OneSkyLocalizationService, From C:/Program Files/Epic Games/UE_4.14/Engine/Plugins/Developer/OneSkyLocalizationService/OneSkyLocalizationService.uplugin
LogPluginManager: Loaded Plugin PerforceSourceControl, From C:/Program Files/Epic Games/UE_4.14/Engine/Plugins/Developer/PerforceSourceControl/PerforceSourceControl.uplugin
LogPluginManager: Loaded Plugin SubversionSourceControl, From C:/Program Files/Epic Games/UE_4.14/Engine/Plugins/Developer/SubversionSourceControl/SubversionSourceControl.uplugin
LogPluginManager: Loaded Plugin UObjectPlugin, From C:/Program Files/Epic Games/UE_4.14/Engine/Plugins/Developer/UObjectPlugin/UObjectPlugin.uplugin
LogPluginManager: Loaded Plugin VisualStudioSourceCodeAccess, From C:/Program Files/Epic Games/UE_4.14/Engine/Plugins/Developer/VisualStudioSourceCodeAccess/VisualStudioSourceCodeAccess.uplugin
LogPluginManager: Loaded Plugin XCodeSourceCodeAccess, From C:/Program Files/Epic Games/UE_4.14/Engine/Plugins/Developer/XCodeSourceCodeAccess/XCodeSourceCodeAccess.uplugin
LogPluginManager: Loaded Plugin AudioCapture, From C:/Program Files/Epic Games/UE_4.14/Engine/Plugins/Editor/AudioCapture/AudioCapture.uplugin
LogPluginManager: Loaded Plugin EpicSurvey, From C:/Program Files/Epic Games/UE_4.14/Engine/Plugins/Editor/EpicSurvey/EpicSurvey.uplugin
LogPluginManager: Loaded Plugin MacGraphicsSwitching, From C:/Program Files/Epic Games/UE_4.14/Engine/Plugins/Editor/MacGraphicsSwitching/MacGraphicsSwitching.uplugin
LogPluginManager: Loaded Plugin MobileLauncherProfileWizard, From C:/Program Files/Epic Games/UE_4.14/Engine/Plugins/Editor/MobileLauncherProfileWizard/MobileLauncherProfileWizard.uplugin
LogPluginManager: Loaded Plugin PluginBrowser, From C:/Program Files/Epic Games/UE_4.14/Engine/Plugins/Editor/PluginBrowser/PluginBrowser.uplugin
LogPluginManager: Loaded Plugin SpeedTreeImporter, From C:/Program Files/Epic Games/UE_4.14/Engine/Plugins/Editor/SpeedTreeImporter/SpeedTreeImporter.uplugin
LogPluginManager: Loaded Plugin SuperSearchEditor, From C:/Program Files/Epic Games/UE_4.14/Engine/Plugins/Editor/SuperSearchEditor/SuperSearchEditor.uplugin
LogPluginManager: Loaded Plugin AlembicImporter, From C:/Program Files/Epic Games/UE_4.14/Engine/Plugins/Experimental/AlembicImporter/AlembicImporter.uplugin
LogPluginManager: Loaded Plugin BlueprintStats, From C:/Program Files/Epic Games/UE_4.14/Engine/Plugins/Experimental/BlueprintStats/BlueprintStats.uplugin
LogPluginManager: Loaded Plugin CharacterAI, From C:/Program Files/Epic Games/UE_4.14/Engine/Plugins/Experimental/CharacterAI/CharacterAI.uplugin
LogPluginManager: Loaded Plugin CodeEditor, From C:/Program Files/Epic Games/UE_4.14/Engine/Plugins/Experimental/CodeEditor/CodeEditor.uplugin
LogPluginManager: Loaded Plugin CodeView, From C:/Program Files/Epic Games/UE_4.14/Engine/Plugins/Experimental/CodeView/CodeView.uplugin
LogPluginManager: Loaded Plugin HTML5Networking, From C:/Program Files/Epic Games/UE_4.14/Engine/Plugins/Experimental/HTML5Networking/HTML5Networking.uplugin
LogPluginManager: Loaded Plugin OSVR, From C:/Program Files/Epic Games/UE_4.14/Engine/Plugins/Experimental/OSVR/OSVR.uplugin
LogPluginManager: Loaded Plugin Phya, From C:/Program Files/Epic Games/UE_4.14/Engine/Plugins/Experimental/Phya/Phya.uplugin
LogPluginManager: Loaded Plugin SignificanceManager, From C:/Program Files/Epic Games/UE_4.14/Engine/Plugins/Experimental/SignificanceManager/SignificanceManager.uplugin
LogPluginManager: Loaded Plugin SimpleHMD, From C:/Program Files/Epic Games/UE_4.14/Engine/Plugins/Experimental/SimpleHMD/SimpleHMD.uplugin
LogPluginManager: Loaded Plugin StereoPanorama, From C:/Program Files/Epic Games/UE_4.14/Engine/Plugins/Experimental/StereoPanorama/StereoPanorama.uplugin
LogPluginManager: Loaded Plugin StructBox, From C:/Program Files/Epic Games/UE_4.14/Engine/Plugins/Experimental/StructBox/StructBox.uplugin
LogPluginManager: Loaded Plugin Substance, From C:/Program Files/Epic Games/UE_4.14/Engine/Plugins/Marketplace/Substance/Substance.uplugin
LogPluginManager: Loaded Plugin AndroidMedia, From C:/Program Files/Epic Games/UE_4.14/Engine/Plugins/Media/AndroidMedia/AndroidMedia.uplugin
LogPluginManager: Loaded Plugin AvfMedia, From C:/Program Files/Epic Games/UE_4.14/Engine/Plugins/Media/AvfMedia/AvfMedia.uplugin
LogPluginManager: Loaded Plugin MediaPlayerEditor, From C:/Program Files/Epic Games/UE_4.14/Engine/Plugins/Media/MediaPlayerEditor/MediaPlayerEditor.uplugin
LogPluginManager: Loaded Plugin WmfMedia, From C:/Program Files/Epic Games/UE_4.14/Engine/Plugins/Media/WmfMedia/WmfMedia.uplugin
LogPluginManager: Loaded Plugin MessagingDebugger, From C:/Program Files/Epic Games/UE_4.14/Engine/Plugins/Messaging/MessagingDebugger/MessagingDebugger.uplugin
LogPluginManager: Loaded Plugin TcpMessaging, From C:/Program Files/Epic Games/UE_4.14/Engine/Plugins/Messaging/TcpMessaging/TcpMessaging.uplugin
LogPluginManager: Loaded Plugin UdpMessaging, From C:/Program Files/Epic Games/UE_4.14/Engine/Plugins/Messaging/UdpMessaging/UdpMessaging.uplugin
LogPluginManager: Loaded Plugin LevelSequenceEditor, From C:/Program Files/Epic Games/UE_4.14/Engine/Plugins/MovieScene/LevelSequenceEditor/LevelSequenceEditor.uplugin
LogPluginManager: Loaded Plugin MatineeToLevelSequence, From C:/Program Files/Epic Games/UE_4.14/Engine/Plugins/MovieScene/MatineeToLevelSequence/MatineeToLevelSequence.uplugin
LogPluginManager: Loaded Plugin NetcodeUnitTest, From C:/Program Files/Epic Games/UE_4.14/Engine/Plugins/NetcodeUnitTest/NetcodeUnitTest/NetcodeUnitTest.uplugin
LogPluginManager: Loaded Plugin NUTUnrealEngine4, From C:/Program Files/Epic Games/UE_4.14/Engine/Plugins/NetcodeUnitTest/NUTUnrealEngine4/NUTUnrealEngine4.uplugin
LogPluginManager: Loaded Plugin OnlineSubsystemGameCircle, From C:/Program Files/Epic Games/UE_4.14/Engine/Plugins/Online/Android/OnlineSubsystemGameCircle/OnlineSubsystemGameCircle.uplugin
LogPluginManager: Loaded Plugin OnlineSubsystemGooglePlay, From C:/Program Files/Epic Games/UE_4.14/Engine/Plugins/Online/Android/OnlineSubsystemGooglePlay/OnlineSubsystemGooglePlay.uplugin
LogPluginManager: Loaded Plugin OnlineSubsystemIOS, From C:/Program Files/Epic Games/UE_4.14/Engine/Plugins/Online/IOS/OnlineSubsystemIOS/OnlineSubsystemIOS.uplugin
LogPluginManager: Loaded Plugin OnlineFramework, From C:/Program Files/Epic Games/UE_4.14/Engine/Plugins/Online/OnlineFramework/OnlineFramework.uplugin
LogPluginManager: Loaded Plugin OnlineSubsystem, From C:/Program Files/Epic Games/UE_4.14/Engine/Plugins/Online/OnlineSubsystem/OnlineSubsystem.uplugin
LogPluginManager: Loaded Plugin OnlineSubsystemAmazon, From C:/Program Files/Epic Games/UE_4.14/Engine/Plugins/Online/OnlineSubsystemAmazon/OnlineSubsystemAmazon.uplugin
LogPluginManager: Loaded Plugin OnlineSubsystemFacebook, From C:/Program Files/Epic Games/UE_4.14/Engine/Plugins/Online/OnlineSubsystemFacebook/OnlineSubsystemFacebook.uplugin
LogPluginManager: Loaded Plugin OnlineSubsystemNull, From C:/Program Files/Epic Games/UE_4.14/Engine/Plugins/Online/OnlineSubsystemNull/OnlineSubsystemNull.uplugin
LogPluginManager: Loaded Plugin OnlineSubsystemOculus, From C:/Program Files/Epic Games/UE_4.14/Engine/Plugins/Online/OnlineSubsystemOculus/OnlineSubsystemOculus.uplugin
LogPluginManager: Loaded Plugin OnlineSubsystemSteam, From C:/Program Files/Epic Games/UE_4.14/Engine/Plugins/Online/OnlineSubsystemSteam/OnlineSubsystemSteam.uplugin
LogPluginManager: Loaded Plugin OnlineSubsystemUtils, From C:/Program Files/Epic Games/UE_4.14/Engine/Plugins/Online/OnlineSubsystemUtils/OnlineSubsystemUtils.uplugin
LogPluginManager: Loaded Plugin IOSTapJoy, From C:/Program Files/Epic Games/UE_4.14/Engine/Plugins/Runtime/Advertising/IOSTapJoy/IOSTapJoy.uplugin
LogPluginManager: Loaded Plugin AnalyticsBlueprintLibrary, From C:/Program Files/Epic Games/UE_4.14/Engine/Plugins/Runtime/Analytics/AnalyticsBlueprintLibrary/AnalyticsBlueprintLibrary.uplugin
LogPluginManager: Loaded Plugin AnalyticsMulticast, From C:/Program Files/Epic Games/UE_4.14/Engine/Plugins/Runtime/Analytics/AnalyticsMulticast/AnalyticsMulticast.uplugin
LogPluginManager: Loaded Plugin Apsalar, From C:/Program Files/Epic Games/UE_4.14/Engine/Plugins/Runtime/Analytics/Apsalar/Apsalar.uplugin
LogPluginManager: Loaded Plugin FileLogging, From C:/Program Files/Epic Games/UE_4.14/Engine/Plugins/Runtime/Analytics/FileLogging/FileLogging.uplugin
LogPluginManager: Loaded Plugin Flurry, From C:/Program Files/Epic Games/UE_4.14/Engine/Plugins/Runtime/Analytics/Flurry/Flurry.uplugin
LogPluginManager: Loaded Plugin AndroidDeviceProfileSelector, From C:/Program Files/Epic Games/UE_4.14/Engine/Plugins/Runtime/AndroidDeviceProfileSelector/AndroidDeviceProfileSelector.uplugin
LogPluginManager: Loaded Plugin AndroidMoviePlayer, From C:/Program Files/Epic Games/UE_4.14/Engine/Plugins/Runtime/AndroidMoviePlayer/AndroidMoviePlayer.uplugin
LogPluginManager: Loaded Plugin AppleMoviePlayer, From C:/Program Files/Epic Games/UE_4.14/Engine/Plugins/Runtime/AppleMoviePlayer/AppleMoviePlayer.uplugin
LogPluginManager: Loaded Plugin ArchVisCharacter, From C:/Program Files/Epic Games/UE_4.14/Engine/Plugins/Runtime/ArchVisCharacter/ArchVisCharacter.uplugin
LogPluginManager: Loaded Plugin CableComponent, From C:/Program Files/Epic Games/UE_4.14/Engine/Plugins/Runtime/CableComponent/CableComponent.uplugin
LogPluginManager: Loaded Plugin CustomMeshComponent, From C:/Program Files/Epic Games/UE_4.14/Engine/Plugins/Runtime/CustomMeshComponent/CustomMeshComponent.uplugin
LogPluginManager: Loaded Plugin ExampleDeviceProfileSelector, From C:/Program Files/Epic Games/UE_4.14/Engine/Plugins/Runtime/ExampleDeviceProfileSelector/ExampleDeviceProfileSelector.uplugin
LogPluginManager: Loaded Plugin GearVR, From C:/Program Files/Epic Games/UE_4.14/Engine/Plugins/Runtime/GearVR/GearVR.uplugin
LogPluginManager: Loaded Plugin GoogleVRController, From C:/Program Files/Epic Games/UE_4.14/Engine/Plugins/Runtime/GoogleVR/GoogleVRController/GoogleVRController.uplugin
LogPluginManager: Loaded Plugin GoogleVRHMD, From C:/Program Files/Epic Games/UE_4.14/Engine/Plugins/Runtime/GoogleVR/GoogleVRHMD/GoogleVRHMD.uplugin
LogPluginManager: Loaded Plugin IOSDeviceProfileSelector, From C:/Program Files/Epic Games/UE_4.14/Engine/Plugins/Runtime/IOSDeviceProfileSelector/IOSDeviceProfileSelector.uplugin
LogPluginManager: Loaded Plugin LeapMotion, From C:/Program Files/Epic Games/UE_4.14/Engine/Plugins/Runtime/LeapMotion/LeapMotion.uplugin
LogPluginManager: Loaded Plugin LinuxDeviceProfileSelector, From C:/Program Files/Epic Games/UE_4.14/Engine/Plugins/Runtime/LinuxDeviceProfileSelector/LinuxDeviceProfileSelector.uplugin
LogPluginManager: Loaded Plugin MIDIDevice, From C:/Program Files/Epic Games/UE_4.14/Engine/Plugins/Runtime/MIDIDevice/MIDIDevice.uplugin
LogPluginManager: Loaded Plugin MobilePatchingUtils, From C:/Program Files/Epic Games/UE_4.14/Engine/Plugins/Runtime/MobilePatchingUtils/MobilePatchingUtils.uplugin
LogPluginManager: Loaded Plugin Ansel, From C:/Program Files/Epic Games/UE_4.14/Engine/Plugins/Runtime/Nvidia/Ansel/Ansel.uplugin
LogPluginManager: Loaded Plugin OculusAudio, From C:/Program Files/Epic Games/UE_4.14/Engine/Plugins/Runtime/OculusAudio/OculusAudio.uplugin
LogPluginManager: Loaded Plugin OculusInput, From C:/Program Files/Epic Games/UE_4.14/Engine/Plugins/Runtime/OculusInput/OculusInput.uplugin
LogPluginManager: Loaded Plugin OculusLibrary, From C:/Program Files/Epic Games/UE_4.14/Engine/Plugins/Runtime/OculusLibrary/OculusLibrary.uplugin
LogPluginManager: Loaded Plugin OculusRift, From C:/Program Files/Epic Games/UE_4.14/Engine/Plugins/Runtime/OculusRift/OculusRift.uplugin
LogPluginManager: Loaded Plugin Oodle, From C:/Program Files/Epic Games/UE_4.14/Engine/Plugins/Runtime/PacketHandlers/CompressionComponents/Oodle/Oodle.uplugin
LogPluginManager: Loaded Plugin ProceduralMeshComponent, From C:/Program Files/Epic Games/UE_4.14/Engine/Plugins/Runtime/ProceduralMeshComponent/ProceduralMeshComponent.uplugin
LogPluginManager: Loaded Plugin SoundMod, From C:/Program Files/Epic Games/UE_4.14/Engine/Plugins/Runtime/SoundMod/SoundMod.uplugin
LogPluginManager: Loaded Plugin SoundVisualizations, From C:/Program Files/Epic Games/UE_4.14/Engine/Plugins/Runtime/SoundVisualizations/SoundVisualizations.uplugin
LogPluginManager: Loaded Plugin SteamController, From C:/Program Files/Epic Games/UE_4.14/Engine/Plugins/Runtime/Steam/SteamController/SteamController.uplugin
LogPluginManager: Loaded Plugin SteamVR, From C:/Program Files/Epic Games/UE_4.14/Engine/Plugins/Runtime/Steam/SteamVR/SteamVR.uplugin
LogPluginManager: Loaded Plugin WebBrowserWidget, From C:/Program Files/Epic Games/UE_4.14/Engine/Plugins/Runtime/WebBrowserWidget/WebBrowserWidget.uplugin
LogPluginManager: Loaded Plugin WindowsDeviceProfileSelector, From C:/Program Files/Epic Games/UE_4.14/Engine/Plugins/Runtime/WindowsDeviceProfileSelector/WindowsDeviceProfileSelector.uplugin
LogPluginManager: Loaded Plugin WindowsMoviePlayer, From C:/Program Files/Epic Games/UE_4.14/Engine/Plugins/Runtime/WindowsMoviePlayer/WindowsMoviePlayer.uplugin
LogPluginManager: Loaded Plugin ScriptPlugin, From C:/Program Files/Epic Games/UE_4.14/Engine/Plugins/ScriptPlugin/ScriptPlugin.uplugin
LogPluginManager: Loaded Plugin SlateRemote, From C:/Program Files/Epic Games/UE_4.14/Engine/Plugins/Slate/SlateRemote/SlateRemote.uplugin
LogPluginManager: Loaded Plugin EditorTests, From C:/Program Files/Epic Games/UE_4.14/Engine/Plugins/Tests/EditorTests/EditorTests.uplugin
LogPluginManager: Loaded Plugin FbxAutomationTestBuilder, From C:/Program Files/Epic Games/UE_4.14/Engine/Plugins/Tests/FbxAutomationTestBuilder/FbxAutomationTestBuilder.uplugin
LogPluginManager: Loaded Plugin FunctionalTestingEditor, From C:/Program Files/Epic Games/UE_4.14/Engine/Plugins/Tests/FunctionalTestingEditor/FunctionalTestingEditor.uplugin
LogPluginManager: Loaded Plugin RuntimeTests, From C:/Program Files/Epic Games/UE_4.14/Engine/Plugins/Tests/RuntimeTests/RuntimeTests.uplugin
LogPluginManager: Loaded Plugin ScreenshotTools, From C:/Program Files/Epic Games/UE_4.14/Engine/Plugins/Tests/ScreenshotTools/ScreenshotTools.uplugin
LogInit: Using libcurl 7.47.1
LogInit:  - built for x86_64-pc-win32
LogInit:  - supports SSL with OpenSSL/1.0.2g
LogInit:  - supports HTTP deflate (compression) using libz 1.2.8
LogInit:  - other features:
LogInit:      CURL_VERSION_SSL
LogInit:      CURL_VERSION_LIBZ
LogInit:      CURL_VERSION_IPV6
LogInit:      CURL_VERSION_ASYNCHDNS
LogInit:      CURL_VERSION_LARGEFILE
LogInit:      CURL_VERSION_IDN
LogInit:  CurlRequestOptions (configurable via config and command line):
LogInit:  - bVerifyPeer = false  - Libcurl will NOT verify peer certificate
LogInit:  - bUseHttpProxy = false  - Libcurl will NOT use HTTP proxy
LogInit:  - bDontReuseConnections = false  - Libcurl will reuse connections
LogInit:  - CertBundlePath = nullptr  - Libcurl will use whatever was configured at build time.
LogModuleManager:Warning: No filename provided for module OnlineSubsystemSteam
LogModuleManager:Warning: ModuleManager: Unable to load module 'OnlineSubsystemSteam' because the file 'C:/Program Files/Epic Games/UE_4.14/Engine/Binaries/Win64/' was not found.
LogInit: WinSock: version 1.1 (2.2), MaxSocks=32767, MaxUdp=65467
LogInit: Build: ++UE4+Release-4.14-CL-3249277
LogInit: Engine Version: 4.14.3-3249277+++UE4+Release-4.14
LogInit: Compatible Engine Version: 4.14.0-3195953+++UE4+Release-4.14
LogInit: Net CL: 3195953
LogDevObjectVersion: Number of dev versions registered: 13
LogDevObjectVersion:   Dev-Blueprints (B0D832E4-1F89-4F0D-ACCF-7EB736FD4AA2): 7
LogDevObjectVersion:   Dev-Build (E1C64328-A22C-4D53-A36C-8E866417BD8C): 0
LogDevObjectVersion:   Dev-Core (375EC13C-06E4-48FB-B500-84F0262A717E): 1
LogDevObjectVersion:   Dev-Editor (E4B068ED-F494-42E9-A231-DA0B2E46BB41): 8
LogDevObjectVersion:   Dev-Framework (CFFC743F-43B0-4480-9391-14DF171D2073): 17
LogDevObjectVersion:   Dev-Mobile (B02B49B5-BB20-44E9-A304-32B752E40360): 0
LogDevObjectVersion:   Dev-Networking (A4E4105C-59A1-49B5-A7C5-40C4547EDFEE): 0
LogDevObjectVersion:   Dev-Online (39C831C9-5AE6-47DC-9A44-9C173E1C8E7C): 0
LogDevObjectVersion:   Dev-Physics (78F01B33-EBEA-4F98-B9B4-84EACCB95AA2): 0
LogDevObjectVersion:   Dev-Platform (6631380F-2D4D-43E0-8009-CF276956A95A): 0
LogDevObjectVersion:   Dev-Rendering (12F88B9F-8875-4AFC-A67C-D90C383ABD29): 12
LogDevObjectVersion:   Dev-Sequencer (7B5AE74C-D270-4C10-A958-57980B212A5A): 1
LogDevObjectVersion:   Dev-VR (D7296918-1DD6-4BDD-9DE2-64A83CC13884): 0
LogInit: Compiled (64-bit): Jan  6 2017 10:49:43
LogInit: Compiled with Visual C++: 19.00.23026.00
LogInit: Build Configuration: Development
LogInit: Branch Name: ++UE4+Release-4.14
LogInit: Command line:  /Temp/Autosaves/Game/Multiplayer/Maps/UEDPCMP_mainMenu -game -PIEVIACONSOLE -ResX=1280 -ResY=720  -Multiprocess -messaging -SessionName="Play in Standalone Game" -windowed 
LogInit: Base directory: C:/Program Files/Epic Games/UE_4.14/Engine/Binaries/Win64/
LogInit: Installed Engine Build: 1
LogInit: Presizing for max 8388607 objects, including 0 objects not considered by GC, pre-allocating 0 bytes for permanent pool.
LogInit: Object subsystem initialized
[2017.03.12-05.52.27:955][  0]LogInit: Selected Device Profile: [Windows]
[2017.03.12-05.52.27:955][  0]LogInit: Applying CVar settings loaded from the selected device profile: [Windows]
[2017.03.12-05.52.27:958][  0]LogInit: Computer: EPHYRA
[2017.03.12-05.52.27:958][  0]LogInit: User: TianSong
[2017.03.12-05.52.27:958][  0]LogInit: CPU Page size=65536, Cores=4
[2017.03.12-05.52.27:958][  0]LogInit: High frequency timer resolution =2.533206 MHz
[2017.03.12-05.52.27:959][  0]LogMemory: Memory total: Physical=8.0GB (8GB approx)
[2017.03.12-05.52.27:959][  0]LogMemory: Platform Memory Stats for Windows
[2017.03.12-05.52.27:959][  0]LogMemory: Process Physical Memory: 264.04 MB used, 264.04 MB peak
[2017.03.12-05.52.27:959][  0]LogMemory: Process Virtual Memory: 262.65 MB used, 262.65 MB peak
[2017.03.12-05.52.27:959][  0]LogMemory: Physical Memory: 7504.34 MB used,  636.77 MB free, 8141.12 MB total
[2017.03.12-05.52.27:959][  0]LogMemory: Virtual Memory: 661.59 MB used,  636.77 MB free, 134217728.00 MB total
[2017.03.12-05.52.28:023][  0]LogTextLocalizationManager: No specific translations for ('en-SG') exist, so ('en') translations will be used.
[2017.03.12-05.52.28:453][  0]LogD3D11RHI: D3D11 adapters:
[2017.03.12-05.52.28:480][  0]LogD3D11RHI:    0. 'NVIDIA GeForce GTX 970M' (Feature Level 11_0)
[2017.03.12-05.52.28:480][  0]LogD3D11RHI:       2972/0/4070 MB DedicatedVideo/DedicatedSystem/SharedSystem, Outputs:1, VendorId:0x10de
[2017.03.12-05.52.28:483][  0]LogD3D11RHI:    1. 'Microsoft Basic Render Driver' (Feature Level 11_0)
[2017.03.12-05.52.28:483][  0]LogD3D11RHI:       0/0/256 MB DedicatedVideo/DedicatedSystem/SharedSystem, Outputs:0, VendorId:0x1414
[2017.03.12-05.52.28:483][  0]LogD3D11RHI: Chosen D3D11 Adapter: 0
[2017.03.12-05.52.28:488][  0]LogD3D11RHI: Creating new Direct3DDevice
[2017.03.12-05.52.28:488][  0]LogD3D11RHI:     GPU DeviceId: 0x13d8 (for the marketing name, search the web for "GPU Device Id")
[2017.03.12-05.52.28:488][  0]LogWindows: EnumDisplayDevices:
[2017.03.12-05.52.28:488][  0]LogWindows:    0. 'NVIDIA GeForce GTX 970M' (P:1 D:1)
[2017.03.12-05.52.28:488][  0]LogWindows:    1. 'NVIDIA GeForce GTX 970M' (P:0 D:0)
[2017.03.12-05.52.28:488][  0]LogWindows:    2. 'NVIDIA GeForce GTX 970M' (P:0 D:0)
[2017.03.12-05.52.28:488][  0]LogWindows:    3. 'NVIDIA GeForce GTX 970M' (P:0 D:0)
[2017.03.12-05.52.28:488][  0]LogWindows: DebugString: FoundDriverCount:4 
[2017.03.12-05.52.28:488][  0]LogD3D11RHI:     Adapter Name: NVIDIA GeForce GTX 970M
[2017.03.12-05.52.28:488][  0]LogD3D11RHI:   Driver Version: 376.33 (internal:21.21.13.7633, unified:376.33)
[2017.03.12-05.52.28:488][  0]LogD3D11RHI:      Driver Date: 12-11-2016
[2017.03.12-05.52.28:488][  0]LogRHI: Texture pool is 1361 MB (70% of 1945 MB)
[2017.03.12-05.52.28:500][  0]LogD3D11RHI: Async texture creation enabled
[2017.03.12-05.52.28:515][  0]LogD3D11RHI: GPU Timing Frequency: 1000.000000 (Debug: 2 2)
[2017.03.12-05.52.28:516][  0]LogShaderCompilers: Guid format shader working directory is 3 characters bigger than the processId version (../../../../../../Users/Tian Song/Documents/PS/Intermediate/Shaders/WorkingDirectory/13684/).
[2017.03.12-05.52.28:517][  0]LogShaderCompilers: Cleaned the shader compiler working directory 'C:/Users/Tian Song/AppData/Local/Temp/UnrealShaderWorkingDir/9174905D47A0605D2E0B0C86A8E0DF56/'.
[2017.03.12-05.52.28:517][  0]LogShaderCompilers:Display: Using Local Shader Compiler.
[2017.03.12-05.52.29:660][  0]LogTemp:Display: Loaded TP WindowsClientTargetPlatform
[2017.03.12-05.52.29:739][  0]LogTemp:Display: Loaded TP WindowsNoEditorTargetPlatform
[2017.03.12-05.52.29:803][  0]LogTemp:Display: Loaded TP WindowsServerTargetPlatform
[2017.03.12-05.52.29:866][  0]LogTemp:Display: Loaded TP WindowsTargetPlatform
[2017.03.12-05.52.29:866][  0]LogTargetPlatformManager:Display: Building Assets For Windows
[2017.03.12-05.52.30:238][  0]LogDerivedDataCache:Display: Max Cache Size: 512 MB
[2017.03.12-05.52.30:294][  0]LogDerivedDataCache: Loaded boot cache 0.06s 50MB C:/Users/Tian Song/AppData/Local/UnrealEngine/4.14/DerivedDataCache/Boot.ddc.
[2017.03.12-05.52.30:294][  0]LogDerivedDataCache:Display: Loaded Boot cache: C:/Users/Tian Song/AppData/Local/UnrealEngine/4.14/DerivedDataCache/Boot.ddc
[2017.03.12-05.52.30:294][  0]LogDerivedDataCache: FDerivedDataBackendGraph:  Pak pak cache file ../../../../../../Users/Tian Song/Documents/PS/DerivedDataCache/DDC.ddp not found, will not use a pak cache.
[2017.03.12-05.52.30:294][  0]LogDerivedDataCache: Unable to find inner node Pak for hierarchical cache Hierarchy.
[2017.03.12-05.52.30:294][  0]LogDerivedDataCache: FDerivedDataBackendGraph:  CompressedPak pak cache file ../../../../../../Users/Tian Song/Documents/PS/DerivedDataCache/Compressed.ddp not found, will not use a pak cache.
[2017.03.12-05.52.30:294][  0]LogDerivedDataCache: Unable to find inner node CompressedPak for hierarchical cache Hierarchy.
[2017.03.12-05.52.30:311][  0]LogDerivedDataCache:Display: Pak cache opened for reading ../../../Engine/DerivedDataCache/Compressed.ddp.
[2017.03.12-05.52.30:323][  0]LogDerivedDataCache: Using Local data cache path C:/Users/Tian Song/AppData/Local/UnrealEngine/Common/DerivedDataCache: Writable
[2017.03.12-05.52.30:645][  0]LogAssetRegistry: FAssetRegistry took 0.0001 seconds to start up
[2017.03.12-05.52.30:656][  0]LogPackageLocalizationCache: Processed 3 localized package path(s) for 2 prioritized culture(s) in 0.011088 seconds
[2017.03.12-05.52.30:682][  0]LogInit: Selected Device Profile: [Windows]
[2017.03.12-05.52.30:684][  0]LogContentStreaming: Texture pool size is 1000.00 MB
[2017.03.12-05.52.30:950][  0]LogMeshUtilities: Using QuadricMeshReduction for automatic static mesh reduction
[2017.03.12-05.52.31:004][  0]LogSimplygon: Simplygon DLL not present - disabling.
[2017.03.12-05.52.31:057][  0]LogMeshUtilities: Using SimplygonSwarm for distributed automatic mesh merging
[2017.03.12-05.52.31:057][  0]LogMeshUtilities: No automatic skeletal mesh reduction module available
[2017.03.12-05.52.31:057][  0]LogMeshUtilities: No automatic mesh merging module available
[2017.03.12-05.52.31:578][  0]LogNetVersion: GetLocalNetworkVersion: CL: 3195953, ProjectName: purgastory, ProjectVersion: , EngineNetworkVersion: 2, GameNetworkVersion: 0, NetworkChecksum: 4090582873
[2017.03.12-05.52.32:311][  0]LogSlate: Using Freetype 2.6.0
[2017.03.12-05.52.32:312][  0]LogSlate: SlateFontCache - WITH_FREETYPE: 1, WITH_HARFBUZZ: 1
[2017.03.12-05.52.32:312][  0]LogSlate: SlateFontCache - WITH_FREETYPE: 1, WITH_HARFBUZZ: 1
[2017.03.12-05.52.32:429][  0]LogMoviePlayer: Initializing movie player
[2017.03.12-05.52.32:483][  0]LogWindowsTextInputMethodSystem:Display: IME system now deactivated.
[2017.03.12-05.52.32:499][  0]LogWindowsMoviePlayer: Unable to load movie: ../../../../../../Users/Tian Song/Documents/PS/Content/Movies/Default_Startup.mp4
[2017.03.12-05.52.32:699][  0]LogSubstanceCoreModule: Substance [CPU] Engine Loaded, Max Texture Size = 2048
[2017.03.12-05.52.32:724][  0]LogTcpMessaging: Initializing TcpMessaging bridge
[2017.03.12-05.52.32:757][  0]LogUdpMessaging: Initializing bridge on interface 0.0.0.0:0 to multicast group 230.0.0.1:6666.
[2017.03.12-05.52.32:892][  0]SourceControl: Info Source control is disabled
[2017.03.12-05.52.32:892][  0]SourceControl: Info Source control is disabled
[2017.03.12-05.52.32:934][  0]SourceControl: Info Source control is disabled
[2017.03.12-05.52.33:482][  0]LogUObjectArray: 33658 objects as part of root set at end of initial load.
[2017.03.12-05.52.33:482][  0]LogUObjectAllocator: 7446712 out of 0 bytes used by permanent object pool.
[2017.03.12-05.52.33:482][  0]LogUObjectArray: CloseDisregardForGC: 0/0 objects in disregard for GC pool
[2017.03.12-05.52.33:575][  0]LogEngine: Initializing Engine...
[2017.03.12-05.52.33:583][  0]LogHMD: Failed to initialize OpenVR with code 108
[2017.03.12-05.52.33:690][  0]LogInit: XAudio2 using 'Speakers (Realtek High Definition Audio)' : 2 channels at 48 kHz using 32 bits per sample (channel mask 0x3)
[2017.03.12-05.52.33:698][  0]LogInit: FAudioDevice initialized.
[2017.03.12-05.52.33:718][  0]LogInit: Texture streaming: Enabled
[2017.03.12-05.52.33:731][  0]LogMaterial: Uniform references updated for custom material expression Custom.
[2017.03.12-05.52.34:207][  0]LogInit:Display: Game Engine Initialized.
[2017.03.12-05.52.34:355][  0]LogInit:Display: Starting Game.
[2017.03.12-05.52.34:355][  0]LogNet: Browse: /Temp/Autosaves/Game/Multiplayer/Maps/UEDPCMP_mainMenu?Name=Player
[2017.03.12-05.52.34:355][  0]LogLoad: LoadMap: /Temp/Autosaves/Game/Multiplayer/Maps/UEDPCMP_mainMenu?Name=Player
[2017.03.12-05.52.34:386][  0]LogMemory: Platform Memory Stats for Windows
[2017.03.12-05.52.34:386][  0]LogMemory: Process Physical Memory: 619.90 MB used, 657.80 MB peak
[2017.03.12-05.52.34:386][  0]LogMemory: Process Virtual Memory: 697.64 MB used, 697.66 MB peak
[2017.03.12-05.52.34:386][  0]LogMemory: Physical Memory: 7701.02 MB used,  440.09 MB free, 8141.12 MB total
[2017.03.12-05.52.34:386][  0]LogMemory: Virtual Memory: 1311.48 MB used,  440.09 MB free, 134217728.00 MB total
[2017.03.12-05.52.34:386][  0]LogMemory: 
[2017.03.12-05.52.34:386][  0]Allocator Stats for TBB: (not implemented)
[2017.03.12-05.52.34:525][  0]LogAIModule: Creating AISystem for world MP_mainMenu
[2017.03.12-05.52.34:757][  0]LogLoad: Game class is 'BP_GameMode_C'
[2017.03.12-05.52.34:758][  0]LogWorld: Bringing World /Temp/Autosaves/Game/Multiplayer/Maps/UEDPCMP_mainMenu.MP_mainMenu up for play (max tick rate 0) at 2017.03.12-13.52.34
[2017.03.12-05.52.34:758][  0]LogWorld: Bringing up level for play took: 0.000572
[2017.03.12-05.52.34:782][  0]LogLoad: Took 0.427084 seconds to LoadMap(/Temp/Autosaves/Game/Multiplayer/Maps/UEDPCMP_mainMenu)
[2017.03.12-05.52.35:192][  0]LogLoad: (Engine Initialization) Total time: 8.83 seconds
[2017.03.12-05.52.35:192][  0]LogLoad: (Engine Initialization) Total Blueprint compile time: 0.26 seconds
[2017.03.12-05.52.35:192][  0]LogExternalProfiler: Found external profiler: VSPerf
[2017.03.12-05.52.35:192][  0]LogExternalProfiler: Using external profiler: VSPerf
[2017.03.12-05.52.35:209][  0]LogOcInput: OculusInput pre-init called
[2017.03.12-05.52.35:350][  2]LogRenderer: Reallocating scene render targets to support 1280x720 NumSamples 1 (Frame:2).
[2017.03.12-05.52.52:650][ 64]LogInit: WinSock: I am ephyra (192.168.56.1:0)
[2017.03.12-05.53.04:379][790]LogNetVersion: GetLocalNetworkVersion: CL: 3195953, ProjectName: purgastory, ProjectVersion: 1.0.0.0, EngineNetworkVersion: 2, GameNetworkVersion: 0, NetworkChecksum: 3808236973
[2017.03.12-05.53.05:421][790]LogPackageName:Warning: Found ambiguous long package name for 'Purgastory_Level.umap'. Returning '/Game/Multiplayer/Maps/Purgastory_Level', but could also be '/Game/StarterContent/Maps/Purgastory_Level'.
[2017.03.12-05.53.05:421][790]LogPackageName: SearchForPackageOnDisk took   0.892s to resolve Purgastory_Level.umap.
[2017.03.12-05.53.05:493][790]LogPackageName:Warning: Found ambiguous long package name for 'Purgastory_Level.umap'. Returning '/Game/Multiplayer/Maps/Purgastory_Level', but could also be '/Game/StarterContent/Maps/Purgastory_Level'.
[2017.03.12-05.53.05:493][790]LogPackageName: SearchForPackageOnDisk took   0.072s to resolve Purgastory_Level.umap.
[2017.03.12-05.53.05:493][790]LogNet: Browse: /Game/Multiplayer/Maps/Purgastory_Level?listen
[2017.03.12-05.53.05:494][790]LogLoad: LoadMap: /Game/Multiplayer/Maps/Purgastory_Level?listen
[2017.03.12-05.53.05:520][790]LogMemory: Platform Memory Stats for Windows
[2017.03.12-05.53.05:520][790]LogMemory: Process Physical Memory: 678.83 MB used, 686.50 MB peak
[2017.03.12-05.53.05:520][790]LogMemory: Process Virtual Memory: 879.55 MB used, 886.00 MB peak
[2017.03.12-05.53.05:520][790]LogMemory: Physical Memory: 7727.43 MB used,  413.69 MB free, 8141.12 MB total
[2017.03.12-05.53.05:520][790]LogMemory: Virtual Memory: 1507.18 MB used,  413.69 MB free, 134217728.00 MB total
[2017.03.12-05.53.05:520][790]LogMemory: 
[2017.03.12-05.53.05:520][790]Allocator Stats for TBB: (not implemented)
[2017.03.12-05.53.08:535][790]LogAIModule: Creating AISystem for world Purgastory_Level
[2017.03.12-05.53.08:535][790]LogLoad: Game class is 'MP_GM_C'
[2017.03.12-05.53.08:535][790]LogInit: WinSock: Socket queue 131072 / 131072
[2017.03.12-05.53.08:536][790]PacketHandlerLog: Loaded PacketHandler component: Engine.EngineHandlerComponentFactory (StatelessConnectHandlerComponent)
[2017.03.12-05.53.08:536][790]LogNet: GameNetDriver IpNetDriver_0 IpNetDriver listening on port 7777
[2017.03.12-05.53.08:537][790]LogMaterial:Warning: Material /Game/KiteDemo/Environments/Trees/ScotsPine_01/ScotsPine_01_Branches_Mat.ScotsPine_01_Branches_Mat missing bUsedWithInstancedStaticMeshes=True! Default Material will be used in game.
[2017.03.12-05.53.08:537][790]LogMaterial:Warning:      The material will recompile every editor launch until resaved.
[2017.03.12-05.53.08:537][790]LogMaterial:Warning: Material /Game/KiteDemo/Environments/Trees/ScotsPine_01/ScotsPine_01_Branches_2_Mat.ScotsPine_01_Branches_2_Mat missing bUsedWithInstancedStaticMeshes=True! Default Material will be used in game.
[2017.03.12-05.53.08:537][790]LogMaterial:Warning:      The material will recompile every editor launch until resaved.
[2017.03.12-05.53.08:537][790]LogMaterial:Warning: Material /Game/KiteDemo/Environments/Trees/ScotsPine_01/ScotsPine_01_Leaves_Mat.ScotsPine_01_Leaves_Mat missing bUsedWithInstancedStaticMeshes=True! Default Material will be used in game.
[2017.03.12-05.53.08:537][790]LogMaterial:Warning:      The material will recompile every editor launch until resaved.
[2017.03.12-05.53.08:537][790]LogMaterial:Warning: Material /Game/KiteDemo/Environments/Trees/ScotsPine_01/ScotsPine_01_Fronds_Mat.ScotsPine_01_Fronds_Mat missing bUsedWithInstancedStaticMeshes=True! Default Material will be used in game.
[2017.03.12-05.53.08:537][790]LogMaterial:Warning:      The material will recompile every editor launch until resaved.
[2017.03.12-05.53.08:789][790]LogWorld: Bringing World /Game/Multiplayer/Maps/Purgastory_Level.Purgastory_Level up for play (max tick rate 0) at 2017.03.12-13.53.08
[2017.03.12-05.53.08:790][790]LogWorld: Bringing up level for play took: 0.252996
[2017.03.12-05.53.08:790][790]LogBlueprintUserMessages: [MP_GM_C_0] Respawning new player
[2017.03.12-05.53.08:790][790]LogScript:Warning: Accessed None trying to read property CallFunc_K2_GetPawn_ReturnValue
	MP_GM_C /Game/Multiplayer/Maps/Purgastory_Level.Purgastory_Level:PersistentLevel.MP_GM_C_0
	Function /Game/Multiplayer/Blueprints/MP_GM.MP_GM_C:ExecuteUbergraph_MP_GM:0F2C
[2017.03.12-05.53.08:790][790]LogScript:Warning: Script call stack:
	Function /Game/Multiplayer/Blueprints/MP_GM.MP_GM_C:K2_PostLogin
	Function /Game/Multiplayer/Blueprints/MP_GM.MP_GM_C:ExecuteUbergraph_MP_GM
	Function /Game/Multiplayer/Blueprints/MP_GM.MP_GM_C:RespawnPlayerEvent
	Function /Game/Multiplayer/Blueprints/MP_GM.MP_GM_C:ExecuteUbergraph_MP_GM

[2017.03.12-05.53.08:790][790]LogBlueprintUserMessages: [MP_GM_C_0] 257 Actor has been destroyed
[2017.03.12-05.53.08:792][790]LogGameMode:Display: Match State Changed from EnteringMap to WaitingToStart
[2017.03.12-05.53.08:792][790]LogGameState: Match State Changed from EnteringMap to WaitingToStart
[2017.03.12-05.53.08:792][790]LogGameMode:Display: Match State Changed from WaitingToStart to InProgress
[2017.03.12-05.53.08:793][790]LogGameState: Match State Changed from WaitingToStart to InProgress
[2017.03.12-05.53.08:796][790]LogLoad: Took 3.302990 seconds to LoadMap(/Game/Multiplayer/Maps/Purgastory_Level)
[2017.03.12-05.53.20:632][516]LogCharacterMovement: BP_Seeker_C_0 is stuck and failed to move! Velocity: X=-15.35 Y=168.78 Z=0.00 Location: X=-1741.05 Y=-2065.29 Z=90.15 Normal: X=1.00 Y=0.02 Z=0.00 PenetrationDepth:0.124 Actor:BP_Weapon_125 Component:StaticMesh BoneName:None (0 other events since notify)
[2017.03.12-05.53.26:826][900]LogCharacterMovement: BP_Seeker_C_0 is stuck and failed to move! Velocity: X=564.74 Y=-202.64 Z=0.00 Location: X=352.65 Y=-1352.70 Z=196.40 Normal: X=-0.61 Y=-0.79 Z=0.00 PenetrationDepth:11.228 Actor:BP_Weapon_125 Component:StaticMesh BoneName:None (2 other events since notify)
[2017.03.12-05.53.39:571][682]LogPackageName: SearchForPackageOnDisk took   0.098s to resolve MP_mainMenu.umap.
[2017.03.12-05.53.39:572][682]LogGameMode:Display: Match State Changed from InProgress to LeavingMap
[2017.03.12-05.53.39:572][682]LogGameState: Match State Changed from InProgress to LeavingMap
[2017.03.12-05.53.39:666][682]LogPackageName: SearchForPackageOnDisk took   0.093s to resolve MP_mainMenu.umap.
[2017.03.12-05.53.39:666][682]LogNet: Browse: /Game/Multiplayer/Maps/MP_mainMenu
[2017.03.12-05.53.39:666][682]LogLoad: LoadMap: /Game/Multiplayer/Maps/MP_mainMenu
[2017.03.12-05.53.39:666][682]LogNet: World NetDriver shutdown IpNetDriver_0 [GameNetDriver]
[2017.03.12-05.53.39:666][682]LogNet: DestroyNamedNetDriver IpNetDriver_0 [GameNetDriver]
[2017.03.12-05.53.39:666][682]LogExit: GameNetDriver IpNetDriver_0 shut down
[2017.03.12-05.53.39:731][682]LogMemory: Platform Memory Stats for Windows
[2017.03.12-05.53.39:731][682]LogMemory: Process Physical Memory: 792.82 MB used, 855.15 MB peak
[2017.03.12-05.53.39:731][682]LogMemory: Process Virtual Memory: 1217.51 MB used, 1241.35 MB peak
[2017.03.12-05.53.39:731][682]LogMemory: Physical Memory: 7709.16 MB used,  431.95 MB free, 8141.12 MB total
[2017.03.12-05.53.39:731][682]LogMemory: Virtual Memory: 1839.91 MB used,  431.95 MB free, 134217728.00 MB total
[2017.03.12-05.53.39:731][682]LogMemory: 
[2017.03.12-05.53.39:731][682]Allocator Stats for TBB: (not implemented)
[2017.03.12-05.53.39:749][682]LogAIModule: Creating AISystem for world MP_mainMenu
[2017.03.12-05.53.40:043][682]LogLoad: Game class is 'BP_GameMode_C'
[2017.03.12-05.53.40:046][682]LogWorld: Bringing World /Game/Multiplayer/Maps/MP_mainMenu.MP_mainMenu up for play (max tick rate 0) at 2017.03.12-13.53.40
[2017.03.12-05.53.40:046][682]LogWorld: Bringing up level for play took: 0.000891
[2017.03.12-05.53.40:046][682]LogGameMode: Warning - PATHS NOT DEFINED or NO PLAYERSTART with positive rating
[2017.03.12-05.53.40:049][682]LogLoad: Took 0.382799 seconds to LoadMap(/Game/Multiplayer/Maps/MP_mainMenu)
[2017.03.12-05.53.58:622][823]LogWindowsTextInputMethodSystem:Display: IME system now deactivated.
[2017.03.12-05.53.58:625][823]LogEngine: All Windows Closed
[2017.03.12-05.53.58:625][823]LogWindows: FPlatformMisc::RequestExit(0)
[2017.03.12-05.53.58:625][824]LogMoviePlayer: Shutting down movie player
[2017.03.12-05.53.58:651][824]LogExit: Preparing to exit.
[2017.03.12-05.53.58:971][824]LogExit: Game engine shut down
[2017.03.12-05.53.59:130][824]LogObj: Freed 0b from 0 cluster array pools.
[2017.03.12-05.53.59:130][824]LogExit: Object subsystem successfully closed.
[2017.03.12-05.53.59:164][824]LogD3D11RHI: Shutdown
[2017.03.12-05.53.59:165][824]LogD3D11RHI: CleanupD3DDevice
[2017.03.12-05.53.59:215][824]LogD3D11RHI: ~FD3D11DynamicRHI
[2017.03.12-05.53.59:278][824]LogModuleManager: Shutting down and abandoning module SequenceRecorderSections (128)
[2017.03.12-05.53.59:278][824]LogModuleManager: Shutting down and abandoning module SequenceRecorder (127)
[2017.03.12-05.53.59:279][824]LogModuleManager: Shutting down and abandoning module AutomationController (126)
[2017.03.12-05.53.59:281][824]LogModuleManager: Shutting down and abandoning module AutomationWorker (125)
[2017.03.12-05.53.59:281][824]LogModuleManager: Shutting down and abandoning module Voice (124)
[2017.03.12-05.53.59:281][824]LogModuleManager: Shutting down and abandoning module GameplayDebugger (123)
[2017.03.12-05.53.59:281][824]LogModuleManager: Shutting down and abandoning module AITestSuite (122)
[2017.03.12-05.53.59:282][824]LogModuleManager: Shutting down and abandoning module AIModule (121)
[2017.03.12-05.53.59:282][824]LogModuleManager: Shutting down and abandoning module WmfMediaFactory (120)
[2017.03.12-05.53.59:282][824]LogModuleManager: Shutting down and abandoning module AvfMediaFactory (119)
[2017.03.12-05.53.59:282][824]LogModuleManager: Shutting down and abandoning module Media (118)
[2017.03.12-05.53.59:282][824]LogModuleManager: Shutting down and abandoning module AndroidMediaFactory (117)
[2017.03.12-05.53.59:282][824]LogModuleManager: Shutting down and abandoning module CharacterAI (116)
[2017.03.12-05.53.59:282][824]LogModuleManager: Shutting down and abandoning module SessionServices (115)
[2017.03.12-05.53.59:282][824]LogModuleManager: Shutting down and abandoning module MovieSceneCapture (114)
[2017.03.12-05.53.59:282][824]LogModuleManager: Shutting down and abandoning module GeometryCacheEd (113)
[2017.03.12-05.53.59:282][824]LogModuleManager: Shutting down and abandoning module GeometryCache (112)
[2017.03.12-05.53.59:282][824]LogModuleManager: Shutting down and abandoning module Niagara (111)
[2017.03.12-05.53.59:282][824]LogModuleManager: Shutting down and abandoning module StreamingPauseRendering (110)
[2017.03.12-05.53.59:282][824]LogModuleManager: Shutting down and abandoning module PortalServices (109)
[2017.03.12-05.53.59:282][824]LogModuleManager: Shutting down and abandoning module PortalRpc (108)
[2017.03.12-05.53.59:282][824]LogModuleManager: Shutting down and abandoning module MessagingRpc (107)
[2017.03.12-05.53.59:282][824]LogModuleManager: Shutting down and abandoning module ProfilerService (106)
[2017.03.12-05.53.59:364][824]LogModuleManager: Shutting down and abandoning module TaskGraph (105)
[2017.03.12-05.53.59:370][824]LogModuleManager: Shutting down and abandoning module SlateRemote (104)
[2017.03.12-05.53.59:370][824]LogModuleManager: Shutting down and abandoning module SteamVRController (103)
[2017.03.12-05.53.59:370][824]LogModuleManager: Shutting down and abandoning module SteamVR (102)
[2017.03.12-05.53.59:370][824]LogModuleManager: Shutting down and abandoning module ProceduralMeshComponent (101)
[2017.03.12-05.53.59:371][824]LogModuleManager: Shutting down and abandoning module OculusLibrary (100)
[2017.03.12-05.53.59:371][824]LogModuleManager: Shutting down and abandoning module OculusInput (99)
[2017.03.12-05.53.59:371][824]LogModuleManager: Shutting down and abandoning module MobilePatchingUtils (98)
[2017.03.12-05.53.59:371][824]LogModuleManager: Shutting down and abandoning module CustomMeshComponent (97)
[2017.03.12-05.53.59:371][824]LogModuleManager: Shutting down and abandoning module CableComponent (96)
[2017.03.12-05.53.59:371][824]LogModuleManager: Shutting down and abandoning module ArchVisCharacter (95)
[2017.03.12-05.53.59:371][824]LogModuleManager: Shutting down and abandoning module HTML5Networking (94)
[2017.03.12-05.53.59:371][824]LogModuleManager: Shutting down and abandoning module DesktopPlatform (93)
[2017.03.12-05.53.59:371][824]LogModuleManager: Shutting down and abandoning module DirectoryWatcher (92)
[2017.03.12-05.53.59:371][824]LogModuleManager: Shutting down and abandoning module HotReload (91)
[2017.03.12-05.53.59:371][824]LogModuleManager: Shutting down and abandoning module VisualStudioSourceCodeAccess (90)
[2017.03.12-05.53.59:371][824]LogModuleManager: Shutting down and abandoning module UObjectPlugin (89)
[2017.03.12-05.53.59:371][824]LogModuleManager: Shutting down and abandoning module SubversionSourceControl (88)
[2017.03.12-05.53.59:372][824]LogModuleManager: Shutting down and abandoning module SourceControl (87)
[2017.03.12-05.53.59:373][824]LogModuleManager: Shutting down and abandoning module PerforceSourceControl (86)
[2017.03.12-05.53.59:375][824]LogModuleManager: Shutting down and abandoning module UdpMessaging (85)
[2017.03.12-05.53.59:476][824]LogModuleManager: Shutting down and abandoning module TcpMessaging (84)
[2017.03.12-05.53.59:787][824]LogModuleManager: Shutting down and abandoning module SubstanceCore (83)
[2017.03.12-05.53.59:788][824]LogModuleManager: Shutting down and abandoning module LightPropagationVolumeRuntime (82)
[2017.03.12-05.53.59:788][824]LogModuleManager: Shutting down and abandoning module Paper2D (81)
[2017.03.12-05.53.59:789][824]LogModuleManager: Shutting down and abandoning module WindowsMoviePlayer (80)
[2017.03.12-05.53.59:790][824]LogModuleManager: Shutting down and abandoning module WmfMedia (79)
[2017.03.12-05.53.59:792][824]LogModuleManager: Shutting down and abandoning module MediaAssets (78)
[2017.03.12-05.53.59:792][824]LogModuleManager: Shutting down and abandoning module GameLiveStreaming (77)
[2017.03.12-05.53.59:793][824]LogModuleManager: Shutting down and abandoning module GameplayTagsEditor (76)
[2017.03.12-05.53.59:793][824]LogModuleManager: Shutting down and abandoning module VREditor (75)
[2017.03.12-05.53.59:793][824]LogModuleManager: Shutting down and abandoning module GameplayTasksEditor (74)
[2017.03.12-05.53.59:793][824]LogModuleManager: Shutting down and abandoning module BehaviorTreeEditor (73)
[2017.03.12-05.53.59:795][824]LogModuleManager: Shutting down and abandoning module FunctionalTesting (72)
[2017.03.12-05.53.59:796][824]LogModuleManager: Shutting down and abandoning module CollisionAnalyzer (71)
[2017.03.12-05.53.59:800][824]LogModuleManager: Shutting down and abandoning module Sequencer (70)
[2017.03.12-05.53.59:800][824]LogModuleManager: Shutting down and abandoning module WorkspaceMenuStructure (69)
[2017.03.12-05.53.59:801][824]LogModuleManager: Shutting down and abandoning module MessageLog (68)
[2017.03.12-05.53.59:801][824]LogModuleManager: Shutting down and abandoning module AssetTools (67)
[2017.03.12-05.53.59:803][824]LogModuleManager: Shutting down and abandoning module UMGEditor (66)
[2017.03.12-05.53.59:803][824]LogModuleManager: Shutting down and abandoning module UMG (65)
[2017.03.12-05.53.59:803][824]LogModuleManager: Shutting down and abandoning module SlateReflector (64)
[2017.03.12-05.53.59:807][824]LogModuleManager: Shutting down and abandoning module Slate (63)
[2017.03.12-05.53.59:807][824]LogModuleManager: Shutting down and abandoning module EditorStyle (62)
[2017.03.12-05.53.59:810][824]LogModuleManager: Shutting down and abandoning module Messaging (61)
[2017.03.12-05.53.59:810][824]LogModuleManager: Shutting down and abandoning module SourceCodeAccess (60)
[2017.03.12-05.53.59:810][824]LogModuleManager: Shutting down and abandoning module HeadMountedDisplay (59)
[2017.03.12-05.53.59:810][824]LogModuleManager: Shutting down and abandoning module XAudio2 (58)
[2017.03.12-05.53.59:810][824]LogModuleManager: Shutting down and abandoning module Networking (57)
[2017.03.12-05.53.59:810][824]LogModuleManager: Shutting down and abandoning module Core (56)
[2017.03.12-05.53.59:810][824]LogModuleManager: Shutting down and abandoning module KismetCompiler (55)
[2017.03.12-05.53.59:810][824]LogModuleManager: Shutting down and abandoning module PhysXFormats (54)
[2017.03.12-05.53.59:810][824]LogModuleManager: Shutting down and abandoning module SimplygonSwarm (53)
[2017.03.12-05.53.59:812][824]LogModuleManager: Shutting down and abandoning module SimplygonMeshReduction (52)
[2017.03.12-05.53.59:813][824]LogModuleManager: Shutting down and abandoning module QuadricMeshReduction (51)
[2017.03.12-05.53.59:813][824]LogModuleManager: Shutting down and abandoning module PropertyEditor (50)
[2017.03.12-05.53.59:813][824]LogModuleManager: Shutting down and abandoning module MeshUtilities (49)
[2017.03.12-05.53.59:815][824]LogModuleManager: Shutting down and abandoning module AssetRegistry (48)
[2017.03.12-05.53.59:817][824]LogModuleManager: Shutting down and abandoning module DerivedDataCache (47)
[2017.03.12-05.53.59:892][824]LogDerivedDataCache: Shutdown
[2017.03.12-05.53.59:892][824]LogModuleManager: Shutting down and abandoning module VulkanShaderFormat (46)
[2017.03.12-05.53.59:893][824]LogModuleManager: Shutting down and abandoning module ShaderFormatOpenGL (45)
[2017.03.12-05.53.59:894][824]LogModuleManager: Shutting down and abandoning module ShaderFormatD3D (44)
[2017.03.12-05.53.59:895][824]LogModuleManager: Shutting down and abandoning module MetalShaderFormat (43)
[2017.03.12-05.53.59:896][824]LogModuleManager: Shutting down and abandoning module TextureFormatUncompressed (42)
[2017.03.12-05.53.59:896][824]LogModuleManager: Shutting down and abandoning module TextureFormatPVR (41)
[2017.03.12-05.53.59:896][824]LogModuleManager: Shutting down and abandoning module TextureFormatDXT (40)
[2017.03.12-05.53.59:897][824]LogModuleManager: Shutting down and abandoning module TextureFormatIntelISPCTexComp (39)
[2017.03.12-05.53.59:898][824]LogModuleManager: Shutting down and abandoning module ImageWrapper (38)
[2017.03.12-05.53.59:898][824]LogModuleManager: Shutting down and abandoning module TextureFormatASTC (37)
[2017.03.12-05.53.59:898][824]LogModuleManager: Shutting down and abandoning module TextureFormatAndroid (36)
[2017.03.12-05.53.59:898][824]LogModuleManager: Shutting down and abandoning module AudioFormatOpus (35)
[2017.03.12-05.53.59:899][824]LogModuleManager: Shutting down and abandoning module AudioFormatOgg (34)
[2017.03.12-05.53.59:899][824]LogModuleManager: Shutting down and abandoning module AudioFormatADPCM (33)
[2017.03.12-05.53.59:899][824]LogModuleManager: Shutting down and abandoning module WindowsTargetPlatform (32)
[2017.03.12-05.53.59:899][824]LogModuleManager: Shutting down and abandoning module WindowsServerTargetPlatform (31)
[2017.03.12-05.53.59:899][824]LogModuleManager: Shutting down and abandoning module WindowsNoEditorTargetPlatform (30)
[2017.03.12-05.53.59:900][824]LogModuleManager: Shutting down and abandoning module WindowsClientTargetPlatform (29)
[2017.03.12-05.53.59:900][824]LogModuleManager: Shutting down and abandoning module TargetPlatform (28)
[2017.03.12-05.53.59:900][824]LogModuleManager: Shutting down and abandoning module InputCore (27)
[2017.03.12-05.53.59:900][824]LogModuleManager: Shutting down and abandoning module Settings (26)
[2017.03.12-05.53.59:900][824]LogModuleManager: Shutting down and abandoning module OculusRift (25)
[2017.03.12-05.53.59:901][824]LogModuleManager: Shutting down and abandoning module ExampleDeviceProfileSelector (24)
[2017.03.12-05.53.59:901][824]LogModuleManager: Shutting down and abandoning module OnlineBlueprintSupport (23)
[2017.03.12-05.53.59:901][824]LogModuleManager: Shutting down and abandoning module OnlineSubsystem (18)
[2017.03.12-05.53.59:901][824]LogOnline:Display: NULL: FOnlineSubsystemNull::Shutdown()
[2017.03.12-05.53.59:902][824]LogOnline:Display: Unloading online subsystem: NULL
[2017.03.12-05.53.59:903][824]LogModuleManager: Shutting down and abandoning module SSL (17)
[2017.03.12-05.53.59:905][824]LogModuleManager: Shutting down and abandoning module HTTP (16)
[2017.03.12-05.53.59:905][824]LogModuleManager: Shutting down and abandoning module XMPP (15)
[2017.03.12-05.53.59:907][824]LogModuleManager: Shutting down and abandoning module TextureCompressor (14)
[2017.03.12-05.53.59:908][824]LogModuleManager: Shutting down and abandoning module ShaderCore (13)
[2017.03.12-05.53.59:908][824]LogModuleManager: Shutting down and abandoning module Landscape (12)
[2017.03.12-05.53.59:908][824]LogModuleManager: Shutting down and abandoning module SlateRHIRenderer (11)
[2017.03.12-05.53.59:910][824]LogModuleManager: Shutting down and abandoning module OpenGLDrv (10)
[2017.03.12-05.53.59:911][824]LogModuleManager: Shutting down and abandoning module D3D11RHI (9)
[2017.03.12-05.53.59:911][824]LogModuleManager: Shutting down and abandoning module AnimGraphRuntime (8)
[2017.03.12-05.53.59:911][824]LogModuleManager: Shutting down and abandoning module Renderer (7)
[2017.03.12-05.53.59:912][824]LogModuleManager: Shutting down and abandoning module Engine (6)
[2017.03.12-05.53.59:912][824]LogModuleManager: Shutting down and abandoning module CoreUObject (5)
[2017.03.12-05.53.59:912][824]LogModuleManager: Shutting down and abandoning module NetworkFile (4)
[2017.03.12-05.53.59:912][824]LogModuleManager: Shutting down and abandoning module StreamingFile (3)
[2017.03.12-05.53.59:913][824]LogModuleManager: Shutting down and abandoning module SandboxFile (2)
[2017.03.12-05.53.59:913][824]LogModuleManager: Shutting down and abandoning module PakFile (1)
[2017.03.12-05.53.59:915][824]LogExit: Exiting.
[2017.03.12-05.53.59:917][824]Log file closed, 03/12/17 13:53:59
